{
    "FunctionName": "hello-cli",
    "FunctionArn": "arn:aws:lambda:us-east-1:717668786709:function:hello-cli:1",
    "Runtime": "nodejs12.x",
    "Role": "arn:aws:iam::717668786709:role/lambda-exemplo",
    "Handler": "index.handler",
    "CodeSize": 326,
    "Description": "",
    "Timeout": 3,
    "MemorySize": 128,
    "LastModified": "2021-07-06T04:51:00.353+0000",
    "CodeSha256": "vKLp7b6QDw5Tp+21LEzfl8JDgIFwMNI4dnL02bQb5Yw=",
    "Version": "1",
    "TracingConfig": {
        "Mode": "PassThrough"
    },
    "RevisionId": "bfc5f5ce-48c4-4d36-a509-232021a5703e",
    "State": "Active",
    "LastUpdateStatus": "Successful",
    "PackageType": "Zip"
}
